SF:lib/domain/entities/skullking/skullking_game.dart
DA:17,0
DA:18,0
DA:19,0
DA:20,0
DA:24,0
DA:25,0
DA:49,0
DA:57,0
DA:58,0
DA:60,0
DA:62,0
DA:63,0
DA:66,0
DA:80,0
DA:81,0
DA:84,0
DA:85,0
DA:88,0
DA:89,0
DA:91,0
DA:92,0
DA:94,0
DA:95,0
DA:97,0
LF:24
LH:0
end_of_record
SF:lib/domain/entities/skullking/skullking_player_round.dart
DA:13,2
DA:30,0
DA:32,0
DA:34,0
DA:36,0
DA:37,0
DA:40,0
LF:7
LH:1
end_of_record
SF:lib/domain/entities/skullking/skullking_score_calculator.dart
DA:10,0
DA:12,0
DA:13,0
DA:14,0
DA:15,0
DA:20,1
DA:22,3
DA:23,2
DA:24,2
DA:26,3
DA:28,3
DA:29,2
DA:31,2
DA:32,2
DA:34,6
DA:36,2
DA:43,1
DA:51,1
DA:53,2
DA:64,1
DA:67,3
DA:68,3
DA:69,3
DA:70,3
DA:71,3
DA:72,2
DA:76,1
DA:78,1
DA:82,1
DA:83,2
DA:84,2
LF:31
LH:26
end_of_record
SF:lib/domain/entities/game_type.dart
DA:11,0
DA:13,0
DA:15,0
LF:3
LH:0
end_of_record
SF:lib/domain/entities/player.dart
DA:4,0
LF:1
LH:0
end_of_record
SF:lib/domain/entities/game_player.dart
DA:7,0
DA:9,0
DA:10,0
LF:3
LH:0
end_of_record
SF:lib/domain/entities/skullking/skullking_game_mode.dart
DA:17,0
DA:18,0
DA:19,0
DA:20,0
DA:24,0
DA:25,0
LF:6
LH:0
end_of_record
